
Showing logs for build [32mcb-kubecd-environment-pr-230-14-2vz2m-1[0m stage [32mfrom-build-pack[0m and container [32mstep-credential-initializer-z56lv[0m
{"level":"info","ts":1590244744.5864935,"logger":"fallback-logger","caller":"logging/config.go:69","msg":"Fetch GitHub commit ID from kodata failed: open /var/run/ko/refs/heads/0.8.0-ns-support: no such file or directory"}
{"level":"info","ts":1590244744.5874817,"logger":"fallback-logger","caller":"creds-init/main.go:40","msg":"Credentials initialized."}

Showing logs for build [32mcb-kubecd-environment-pr-230-14-2vz2m-1[0m stage [32mfrom-build-pack[0m and container [32mstep-working-dir-initializer-478jt[0m
{"level":"info","ts":1590244745.1732104,"logger":"fallback-logger","caller":"logging/config.go:69","msg":"Fetch GitHub commit ID from kodata failed: open /var/run/ko/HEAD: no such file or directory"}
{"level":"info","ts":1590244745.1753645,"logger":"fallback-logger","caller":"bash/main.go:64","msg":"Successfully executed command \"sh -c mkdir -p /workspace/source\"; output "}

Showing logs for build [32mcb-kubecd-environment-pr-230-14-2vz2m-1[0m stage [32mfrom-build-pack[0m and container [32mstep-place-tools[0m

Showing logs for build [32mcb-kubecd-environment-pr-230-14-2vz2m-1[0m stage [32mfrom-build-pack[0m and container [32mstep-git-source-cb-kubecd-environment-pr-230-14-2vz2m-rbx75[0m
{"level":"info","ts":1590244749.2864804,"logger":"fallback-logger","caller":"logging/config.go:69","msg":"Fetch GitHub commit ID from kodata failed: open /var/run/ko/refs/heads/0.8.0-ns-support: no such file or directory"}
{"level":"info","ts":1590244750.3533301,"logger":"fallback-logger","caller":"git/git.go:103","msg":"Successfully cloned https://github.com/cb-kubecd/environment-pr-230-14-boot-vault-gke-staging.git @ master in path /workspace/source"}

Showing logs for build [32mcb-kubecd-environment-pr-230-14-2vz2m-1[0m stage [32mfrom-build-pack[0m and container [32mstep-git-merge[0m
Using SHAs from PULL_REFS=master:5f860db02c6aed6600d57e77542fc082c292c8da,1:ecc8970726033cc5ae81e91084b0a1742df27e40
DEBUG: LC_ALL=C JX_LOG_LEVEL=error git fetch origin --unshallow ecc8970726033cc5ae81e91084b0a1742df27e40: 5f860db02c6aed6600d57e77542fc082c292c8da:
DEBUG: ran git fetch --unshallow origin ecc8970726033cc5ae81e91084b0a1742df27e40: 5f860db02c6aed6600d57e77542fc082c292c8da: in 
DEBUG: LC_ALL=C JX_LOG_LEVEL=error git branch
DEBUG: LC_ALL=C JX_LOG_LEVEL=error git checkout master
DEBUG: ran git checkout master in 
DEBUG: LC_ALL=C JX_LOG_LEVEL=error git reset --hard 5f860db02c6aed6600d57e77542fc082c292c8da
DEBUG: ran git reset --hard 5f860db02c6aed6600d57e77542fc082c292c8da in 
DEBUG: LC_ALL=C JX_LOG_LEVEL=error git clean -fd .
DEBUG: ran clean --force -d . in 
DEBUG: LC_ALL=C JX_LOG_LEVEL=error git merge ecc8970726033cc5ae81e91084b0a1742df27e40
DEBUG: ran git merge ecc8970726033cc5ae81e91084b0a1742df27e40 in 
DEBUG: JX_LOG_LEVEL=error LC_ALL=C git log --format=%H%x1f%an%x1f%ae%x1f%cn%x1f%ce%x1f%s%n%b%x1e 5f860db02c6aed6600d57e77542fc082c292c8da..HEAD
Merged SHA ecc8970726033cc5ae81e91084b0a1742df27e40 with commit message 'chore: Promote bdd-spring-1590244411 to version 0.0.1' into base branch master

Showing logs for build [32mcb-kubecd-environment-pr-230-14-2vz2m-1[0m stage [32mfrom-build-pack[0m and container [32mstep-build-helm-build[0m
WARNING: No $CHART_REPOSITORY defined so using the default value of: http://jenkins-x-chartmuseum:8080
Adding missing Helm repo: storage.googleapis.com https://storage.googleapis.com/chartmuseum.jenkins-x.io
WARNING: No secrets found on "helm/repos" due: reading the secret "helm/repos" from vault: no secret "helm/repos" not found in vault
Read credentials for https://storage.googleapis.com/chartmuseum.jenkins-x.io from vault helm/repos
Successfully added Helm repository storage.googleapis.com.
Adding missing Helm repo: jenkins-x-chartmuseum http://jenkins-x-chartmuseum:8080
WARNING: No secrets found on "helm/repos" due: reading the secret "helm/repos" from vault: no secret "helm/repos" not found in vault
Read credentials for http://jenkins-x-chartmuseum:8080 from vault helm/repos
Successfully added Helm repository jenkins-x-chartmuseum.
WARNING: No $CHART_REPOSITORY defined so using the default value of: http://jenkins-x-chartmuseum:8080
Adding missing Helm repo: chartmuseum.jenkins-x.io http://chartmuseum.jenkins-x.io
WARNING: No secrets found on "helm/repos" due: reading the secret "helm/repos" from vault: no secret "helm/repos" not found in vault
Read credentials for http://chartmuseum.jenkins-x.io from vault helm/repos
Successfully added Helm repository chartmuseum.jenkins-x.io.
