
Showing logs for build [32mcb-kubecd-environment-pr-230-14-5st7q-1[0m stage [32mfrom-build-pack[0m and container [32mstep-credential-initializer-jvvcj[0m
{"level":"info","ts":1590249113.957753,"logger":"fallback-logger","caller":"logging/config.go:69","msg":"Fetch GitHub commit ID from kodata failed: open /var/run/ko/refs/heads/0.8.0-ns-support: no such file or directory"}
{"level":"info","ts":1590249113.958426,"logger":"fallback-logger","caller":"creds-init/main.go:40","msg":"Credentials initialized."}

Showing logs for build [32mcb-kubecd-environment-pr-230-14-5st7q-1[0m stage [32mfrom-build-pack[0m and container [32mstep-working-dir-initializer-v598j[0m
{"level":"info","ts":1590249114.9674652,"logger":"fallback-logger","caller":"logging/config.go:69","msg":"Fetch GitHub commit ID from kodata failed: open /var/run/ko/HEAD: no such file or directory"}
{"level":"info","ts":1590249114.9694571,"logger":"fallback-logger","caller":"bash/main.go:64","msg":"Successfully executed command \"sh -c mkdir -p /workspace/source\"; output "}

Showing logs for build [32mcb-kubecd-environment-pr-230-14-5st7q-1[0m stage [32mfrom-build-pack[0m and container [32mstep-place-tools[0m

Showing logs for build [32mcb-kubecd-environment-pr-230-14-5st7q-1[0m stage [32mfrom-build-pack[0m and container [32mstep-git-source-cb-kubecd-environment-pr-230-14-5st7q-kmxds[0m
{"level":"info","ts":1590249120.1512523,"logger":"fallback-logger","caller":"logging/config.go:69","msg":"Fetch GitHub commit ID from kodata failed: open /var/run/ko/refs/heads/0.8.0-ns-support: no such file or directory"}
{"level":"info","ts":1590249121.2278695,"logger":"fallback-logger","caller":"git/git.go:103","msg":"Successfully cloned https://github.com/cb-kubecd/environment-pr-230-14-boot-vault-gke-staging.git @ master in path /workspace/source"}

Showing logs for build [32mcb-kubecd-environment-pr-230-14-5st7q-1[0m stage [32mfrom-build-pack[0m and container [32mstep-git-merge[0m
Using SHAs from PULL_REFS=master:617862c70ac2a24ba8e386f0fd84f960462e26c6,4:b7f1d7c806bfc3bc5d5bc6f07f3fb7f795d7cd54
DEBUG: LC_ALL=C JX_LOG_LEVEL=error git fetch origin --unshallow b7f1d7c806bfc3bc5d5bc6f07f3fb7f795d7cd54: 617862c70ac2a24ba8e386f0fd84f960462e26c6:
DEBUG: ran git fetch --unshallow origin b7f1d7c806bfc3bc5d5bc6f07f3fb7f795d7cd54: 617862c70ac2a24ba8e386f0fd84f960462e26c6: in 
DEBUG: LC_ALL=C JX_LOG_LEVEL=error git branch
DEBUG: JX_LOG_LEVEL=error LC_ALL=C git checkout master
DEBUG: ran git checkout master in 
DEBUG: LC_ALL=C JX_LOG_LEVEL=error git reset --hard 617862c70ac2a24ba8e386f0fd84f960462e26c6
DEBUG: ran git reset --hard 617862c70ac2a24ba8e386f0fd84f960462e26c6 in 
DEBUG: LC_ALL=C JX_LOG_LEVEL=error git clean -fd .
DEBUG: ran clean --force -d . in 
DEBUG: LC_ALL=C JX_LOG_LEVEL=error git merge b7f1d7c806bfc3bc5d5bc6f07f3fb7f795d7cd54
DEBUG: ran git merge b7f1d7c806bfc3bc5d5bc6f07f3fb7f795d7cd54 in 
DEBUG: LC_ALL=C JX_LOG_LEVEL=error git log --format=%H%x1f%an%x1f%ae%x1f%cn%x1f%ce%x1f%s%n%b%x1e 617862c70ac2a24ba8e386f0fd84f960462e26c6..HEAD
Merged SHA b7f1d7c806bfc3bc5d5bc6f07f3fb7f795d7cd54 with commit message 'chore: Promote bdd-gh-1590246227 to version 0.0.1' into base branch master

Showing logs for build [32mcb-kubecd-environment-pr-230-14-5st7q-1[0m stage [32mfrom-build-pack[0m and container [32mstep-build-helm-build[0m
WARNING: No $CHART_REPOSITORY defined so using the default value of: http://jenkins-x-chartmuseum:8080
Adding missing Helm repo: storage.googleapis.com https://storage.googleapis.com/chartmuseum.jenkins-x.io
WARNING: No secrets found on "helm/repos" due: reading the secret "helm/repos" from vault: no secret "helm/repos" not found in vault
Read credentials for https://storage.googleapis.com/chartmuseum.jenkins-x.io from vault helm/repos
Successfully added Helm repository storage.googleapis.com.
Adding missing Helm repo: jenkins-x-chartmuseum http://jenkins-x-chartmuseum:8080
WARNING: No secrets found on "helm/repos" due: reading the secret "helm/repos" from vault: no secret "helm/repos" not found in vault
Read credentials for http://jenkins-x-chartmuseum:8080 from vault helm/repos
Successfully added Helm repository jenkins-x-chartmuseum.
WARNING: No $CHART_REPOSITORY defined so using the default value of: http://jenkins-x-chartmuseum:8080
Adding missing Helm repo: chartmuseum.jenkins-x.io http://chartmuseum.jenkins-x.io
WARNING: No secrets found on "helm/repos" due: reading the secret "helm/repos" from vault: no secret "helm/repos" not found in vault
Read credentials for http://chartmuseum.jenkins-x.io from vault helm/repos
Successfully added Helm repository chartmuseum.jenkins-x.io.
