
Showing logs for build [32mcb-kubecd-environment-pr-230-14-pr7ns-1[0m stage [32mfrom-build-pack[0m and container [32mstep-credential-initializer-lxg97[0m
{"level":"info","ts":1590247835.4153485,"logger":"fallback-logger","caller":"logging/config.go:69","msg":"Fetch GitHub commit ID from kodata failed: open /var/run/ko/refs/heads/0.8.0-ns-support: no such file or directory"}
{"level":"info","ts":1590247835.415825,"logger":"fallback-logger","caller":"creds-init/main.go:40","msg":"Credentials initialized."}

Showing logs for build [32mcb-kubecd-environment-pr-230-14-pr7ns-1[0m stage [32mfrom-build-pack[0m and container [32mstep-working-dir-initializer-4ghpb[0m
{"level":"info","ts":1590247836.7746854,"logger":"fallback-logger","caller":"logging/config.go:69","msg":"Fetch GitHub commit ID from kodata failed: open /var/run/ko/HEAD: no such file or directory"}
{"level":"info","ts":1590247836.775986,"logger":"fallback-logger","caller":"bash/main.go:64","msg":"Successfully executed command \"sh -c mkdir -p /workspace/source\"; output "}

Showing logs for build [32mcb-kubecd-environment-pr-230-14-pr7ns-1[0m stage [32mfrom-build-pack[0m and container [32mstep-place-tools[0m

Showing logs for build [32mcb-kubecd-environment-pr-230-14-pr7ns-1[0m stage [32mfrom-build-pack[0m and container [32mstep-git-source-cb-kubecd-environment-pr-230-14-pr7ns-d7k7s[0m
{"level":"info","ts":1590247841.861762,"logger":"fallback-logger","caller":"logging/config.go:69","msg":"Fetch GitHub commit ID from kodata failed: open /var/run/ko/refs/heads/0.8.0-ns-support: no such file or directory"}
{"level":"info","ts":1590247842.9056056,"logger":"fallback-logger","caller":"git/git.go:103","msg":"Successfully cloned https://github.com/cb-kubecd/environment-pr-230-14-boot-vault-gke-staging.git @ master in path /workspace/source"}

Showing logs for build [32mcb-kubecd-environment-pr-230-14-pr7ns-1[0m stage [32mfrom-build-pack[0m and container [32mstep-git-merge[0m
Using SHAs from PULL_REFS=master:044887f721d7e781c6f0ef40694aea2349f9b2e3,3:60f969fe9b9c85d674669b702aa24a54879b47b7
DEBUG: LC_ALL=C JX_LOG_LEVEL=error git fetch origin --unshallow 60f969fe9b9c85d674669b702aa24a54879b47b7: 044887f721d7e781c6f0ef40694aea2349f9b2e3:
DEBUG: ran git fetch --unshallow origin 60f969fe9b9c85d674669b702aa24a54879b47b7: 044887f721d7e781c6f0ef40694aea2349f9b2e3: in 
DEBUG: LC_ALL=C JX_LOG_LEVEL=error git branch
DEBUG: JX_LOG_LEVEL=error LC_ALL=C git checkout master
DEBUG: ran git checkout master in 
DEBUG: LC_ALL=C JX_LOG_LEVEL=error git reset --hard 044887f721d7e781c6f0ef40694aea2349f9b2e3
DEBUG: ran git reset --hard 044887f721d7e781c6f0ef40694aea2349f9b2e3 in 
DEBUG: LC_ALL=C JX_LOG_LEVEL=error git clean -fd .
DEBUG: ran clean --force -d . in 
DEBUG: LC_ALL=C JX_LOG_LEVEL=error git merge 60f969fe9b9c85d674669b702aa24a54879b47b7
DEBUG: ran git merge 60f969fe9b9c85d674669b702aa24a54879b47b7 in 
DEBUG: LC_ALL=C JX_LOG_LEVEL=error git log --format=%H%x1f%an%x1f%ae%x1f%cn%x1f%ce%x1f%s%n%b%x1e 044887f721d7e781c6f0ef40694aea2349f9b2e3..HEAD
Merged SHA 60f969fe9b9c85d674669b702aa24a54879b47b7 with commit message 'chore: Promote bdd-nh-1590246227 to version 0.0.1' into base branch master

Showing logs for build [32mcb-kubecd-environment-pr-230-14-pr7ns-1[0m stage [32mfrom-build-pack[0m and container [32mstep-build-helm-build[0m
WARNING: No $CHART_REPOSITORY defined so using the default value of: http://jenkins-x-chartmuseum:8080
Adding missing Helm repo: storage.googleapis.com https://storage.googleapis.com/chartmuseum.jenkins-x.io
WARNING: No secrets found on "helm/repos" due: reading the secret "helm/repos" from vault: no secret "helm/repos" not found in vault
Read credentials for https://storage.googleapis.com/chartmuseum.jenkins-x.io from vault helm/repos
Successfully added Helm repository storage.googleapis.com.
Adding missing Helm repo: jenkins-x-chartmuseum http://jenkins-x-chartmuseum:8080
WARNING: No secrets found on "helm/repos" due: reading the secret "helm/repos" from vault: no secret "helm/repos" not found in vault
Read credentials for http://jenkins-x-chartmuseum:8080 from vault helm/repos
Successfully added Helm repository jenkins-x-chartmuseum.
WARNING: No $CHART_REPOSITORY defined so using the default value of: http://jenkins-x-chartmuseum:8080
Adding missing Helm repo: chartmuseum.jenkins-x.io http://chartmuseum.jenkins-x.io
WARNING: No secrets found on "helm/repos" due: reading the secret "helm/repos" from vault: no secret "helm/repos" not found in vault
Read credentials for http://chartmuseum.jenkins-x.io from vault helm/repos
Successfully added Helm repository chartmuseum.jenkins-x.io.
